<?xml version="1.0" encoding="UTF-8"?>
<testng-results ignored="0" total="3" passed="3" failed="0" skipped="0">
  <reporter-output>
  </reporter-output>
  <suite started-at="2023-07-31T23:52:34 IST" name="Default suite" finished-at="2023-07-31T23:53:04 IST" duration-ms="29730">
    <groups>
      <group name="cucumber">
        <method signature="AbstractTestNGCucumberTests.runScenario(io.cucumber.testng.PickleWrapper,io.cucumber.testng.FeatureWrapper)[pri:0, instance:TestRunner.RunnerTest@563f38c4]" name="runScenario" class="io.cucumber.testng.AbstractTestNGCucumberTests"/>
      </group> <!-- cucumber -->
    </groups>
    <test started-at="2023-07-31T23:52:34 IST" name="Default test" finished-at="2023-07-31T23:53:04 IST" duration-ms="29730">
      <class name="TestRunner.RunnerTest">
        <test-method is-config="true" signature="setUpClass(org.testng.ITestContext)[pri:0, instance:TestRunner.RunnerTest@563f38c4]" started-at="2023-07-31T23:52:34 IST" name="setUpClass" finished-at="2023-07-31T23:52:35 IST" duration-ms="479" status="PASS">
          <params>
            <param index="0">
              <value>
                <![CDATA[org.testng.TestRunner@784212]]>
              </value>
            </param>
          </params>
          <reporter-output>
          </reporter-output>
        </test-method> <!-- setUpClass -->
        <test-method signature="runScenario(io.cucumber.testng.PickleWrapper,io.cucumber.testng.FeatureWrapper)[pri:0, instance:TestRunner.RunnerTest@563f38c4]" started-at="2023-07-31T23:52:35 IST" name="runScenario" description="Runs Cucumber Scenarios" data-provider="scenarios" finished-at="2023-07-31T23:52:40 IST" duration-ms="5382" status="PASS">
          <params>
            <param index="0">
              <value>
                <![CDATA["Test the RegisterPage"]]>
              </value>
            </param>
            <param index="1">
              <value>
                <![CDATA["Test the FaceBook Application"]]>
              </value>
            </param>
          </params>
          <reporter-output>
          </reporter-output>
        </test-method> <!-- runScenario -->
        <test-method signature="runScenario(io.cucumber.testng.PickleWrapper,io.cucumber.testng.FeatureWrapper)[pri:0, instance:TestRunner.RunnerTest@563f38c4]" started-at="2023-07-31T23:52:40 IST" name="runScenario" description="Runs Cucumber Scenarios" data-provider="scenarios" finished-at="2023-07-31T23:52:45 IST" duration-ms="4987" status="PASS">
          <params>
            <param index="0">
              <value>
                <![CDATA["Test the RegisterPage"]]>
              </value>
            </param>
            <param index="1">
              <value>
                <![CDATA["Test the FaceBook Application"]]>
              </value>
            </param>
          </params>
          <reporter-output>
          </reporter-output>
        </test-method> <!-- runScenario -->
        <test-method signature="runScenario(io.cucumber.testng.PickleWrapper,io.cucumber.testng.FeatureWrapper)[pri:0, instance:TestRunner.RunnerTest@563f38c4]" started-at="2023-07-31T23:52:45 IST" name="runScenario" description="Runs Cucumber Scenarios" data-provider="scenarios" finished-at="2023-07-31T23:52:50 IST" duration-ms="4660" status="PASS">
          <params>
            <param index="0">
              <value>
                <![CDATA["Test the RegisterPage"]]>
              </value>
            </param>
            <param index="1">
              <value>
                <![CDATA["Test the FaceBook Application"]]>
              </value>
            </param>
          </params>
          <reporter-output>
          </reporter-output>
        </test-method> <!-- runScenario -->
        <test-method is-config="true" signature="tearDownClass()[pri:0, instance:TestRunner.RunnerTest@563f38c4]" started-at="2023-07-31T23:52:50 IST" name="tearDownClass" finished-at="2023-07-31T23:53:04 IST" duration-ms="14183" status="PASS">
          <reporter-output>
          </reporter-output>
        </test-method> <!-- tearDownClass -->
      </class> <!-- TestRunner.RunnerTest -->
    </test> <!-- Default test -->
  </suite> <!-- Default suite -->
</testng-results>
